INFO [2024-10-21 16:25:44] $x
INFO [2024-10-21 16:25:44] list(A = rep(1, prob_A * 100), B = rep(1, prob_B * 100))
INFO [2024-10-21 16:25:44] 
INFO [2024-10-21 16:25:44] $filename
INFO [2024-10-21 16:25:44] NULL
INFO [2024-10-21 16:25:44] 
INFO [2024-10-21 16:25:44] $category.names
INFO [2024-10-21 16:25:44] c("A", "B")
INFO [2024-10-21 16:25:44] 
INFO [2024-10-21 16:25:44] $scaled
INFO [2024-10-21 16:25:44] [1] TRUE
INFO [2024-10-21 16:25:44] 
INFO [2024-10-21 16:25:44] $fill
INFO [2024-10-21 16:25:44] c("lightblue", "lightgreen")
INFO [2024-10-21 16:25:44] 
INFO [2024-10-21 16:25:44] $cat.cex
INFO [2024-10-21 16:25:44] [1] 1.5
INFO [2024-10-21 16:25:44] 
INFO [2024-10-21 16:25:44] $label.cex
INFO [2024-10-21 16:25:44] [1] 1.5
INFO [2024-10-21 16:25:44] 
INFO [2024-10-21 16:25:44] $margin
INFO [2024-10-21 16:25:44] [1] 0.1
INFO [2024-10-21 16:25:44] 
INFO [2024-10-21 16:25:44] $label.text
INFO [2024-10-21 16:25:44] c(paste("A only:", round(prob_A - prob_AB, 2)), paste("B only:", 
INFO [2024-10-21 16:25:44]     round(prob_B - prob_AB, 2)), paste("A and B:", round(prob_AB, 
INFO [2024-10-21 16:25:44]     2)))
INFO [2024-10-21 16:25:44] 
