INFO [2024-10-21 16:26:14] $x
INFO [2024-10-21 16:26:14] list(A = rep(1, prob_A * 100), B = rep(1, prob_B * 100))
INFO [2024-10-21 16:26:14] 
INFO [2024-10-21 16:26:14] $filename
INFO [2024-10-21 16:26:14] NULL
INFO [2024-10-21 16:26:14] 
INFO [2024-10-21 16:26:14] $category.names
INFO [2024-10-21 16:26:14] c("A", "B")
INFO [2024-10-21 16:26:14] 
INFO [2024-10-21 16:26:14] $scaled
INFO [2024-10-21 16:26:14] [1] TRUE
INFO [2024-10-21 16:26:14] 
INFO [2024-10-21 16:26:14] $fill
INFO [2024-10-21 16:26:14] c("lightblue", "lightgreen")
INFO [2024-10-21 16:26:14] 
INFO [2024-10-21 16:26:14] $cat.cex
INFO [2024-10-21 16:26:14] [1] 1.5
INFO [2024-10-21 16:26:14] 
INFO [2024-10-21 16:26:14] $label.cex
INFO [2024-10-21 16:26:14] [1] 1.5
INFO [2024-10-21 16:26:14] 
INFO [2024-10-21 16:26:14] $margin
INFO [2024-10-21 16:26:14] [1] 0.1
INFO [2024-10-21 16:26:14] 
INFO [2024-10-21 16:26:14] $label.text
INFO [2024-10-21 16:26:14] c(paste("A only:", round(prob_A - prob_AB, 2)), paste("B only:", 
INFO [2024-10-21 16:26:14]     round(prob_B - prob_AB, 2)), paste("A and B:", round(prob_AB, 
INFO [2024-10-21 16:26:14]     2)))
INFO [2024-10-21 16:26:14] 
